<?xml version="1.0" encoding="UTF-8"?>
<!-- Generated by org.testng.reporters.JUnitReportReporter -->
<testsuite hostname="PIYUSH-PC" name="testCaseForNdt.TC_edit_radiographicweldreport" tests="1" failures="0" timestamp="10 Mar 2013 10:05:38 GMT" time="32.126" errors="0">
  <testcase name="test_editradiographicweldreport" time="32.126" classname="testCaseForNdt.TC_edit_radiographicweldreport"/>
</testsuite> <!-- testCaseForNdt.TC_edit_radiographicweldreport -->
