<?xml version="1.0" encoding="UTF-8"?>
<!-- Generated by org.testng.reporters.JUnitReportReporter -->
<testsuite hostname="PIYUSH-PC" name="testCaseForNdt.TC_signup" tests="1" failures="0" timestamp="10 Mar 2013 10:05:38 GMT" time="2.858" errors="0">
  <testcase name="ValidateSignUpForm" time="2.858" classname="testCaseForNdt.TC_signup"/>
</testsuite> <!-- testCaseForNdt.TC_signup -->
