<?xml version="1.0" encoding="UTF-8"?>
<!-- Generated by org.testng.reporters.JUnitReportReporter -->
<testsuite hostname="PIYUSH-PC" name="testCaseForNdt.TC_createtemplate" tests="1" failures="0" timestamp="10 Mar 2013 10:05:38 GMT" time="9.897" errors="0">
  <testcase name="test_radiographicweldreport" time="9.897" classname="testCaseForNdt.TC_createtemplate"/>
</testsuite> <!-- testCaseForNdt.TC_createtemplate -->
